0 info it worked if it ends with ok
1 verbose cli [ 'C:\\Users\\asnik\\AppData\\Local\\.meteor\\packages\\meteor-tool\\1.4.1_1\\mt-os.windows.x86_32\\dev_bundle\\bin\\node.exe',
1 verbose cli   'C:\\Users\\asnik\\AppData\\Local\\.meteor\\packages\\meteor-tool\\1.4.1_1\\mt-os.windows.x86_32\\dev_bundle\\lib\\node_modules\\npm\\bin\\npm-cli.js',
1 verbose cli   'run',
1 verbose cli   'test:watch' ]
2 info using npm@3.10.6
3 info using node@v4.5.0
4 verbose run-script [ 'pretest:watch', 'test:watch', 'posttest:watch' ]
5 info lifecycle socially@~pretest:watch: socially@
6 silly lifecycle socially@~pretest:watch: no script for pretest:watch, continuing
7 info lifecycle socially@~test:watch: socially@
8 verbose lifecycle socially@~test:watch: unsafe-perm in lifecycle true
9 verbose lifecycle socially@~test:watch: PATH: C:\Users\asnik\AppData\Local\.meteor\packages\meteor-tool\1.4.1_1\mt-os.windows.x86_32\dev_bundle\lib\node_modules\npm\bin\node-gyp-bin;C:\Users\asnik\Documents\WebStorm\Meteor\socially\node_modules\.bin;C:\Users\asnik\AppData\Local\.meteor\packages\meteor-tool\1.4.1_1\mt-os.windows.x86_32\dev_bundle\bin;C:\Users\asnik\AppData\Local\.meteor\packages\meteor-tool\1.4.1_1\mt-os.windows.x86_32\dev_bundle\lib\node_modules\.bin;C:\ProgramData\Oracle\Java\javapath;C:\Program Files (x86)\Intel\iCLS Client\;C:\Program Files\Intel\iCLS Client\;C:\Windows\system32;C:\Windows;C:\Windows\System32\Wbem;C:\Windows\System32\WindowsPowerShell\v1.0\;C:\Program Files (x86)\Intel\Intel(R) Management Engine Components\DAL;C:\Program Files\Intel\Intel(R) Management Engine Components\DAL;C:\Program Files (x86)\Intel\Intel(R) Management Engine Components\IPT;C:\Program Files\Intel\Intel(R) Management Engine Components\IPT;C:\Program Files (x86)\NVIDIA Corporation\PhysX\Common;C:\Program Files\Intel\WiFi\bin\;C:\Program Files\Common Files\Intel\WirelessCommon\;C:\Program Files\Microsoft SQL Server\110\Tools\Binn\;C:\Program Files\Microsoft SQL Server\120\Tools\Binn\;C:\Program Files (x86)\Skype\Phone\;C:\Program Files (x86)\Windows Kits\8.1\Windows Performance Toolkit\;C:\Program Files (x86)\Microsoft SDKs\TypeScript\1.0\;D:\Programs\CMake\bin;D:\Programs\opencv-3.0\build\install\x86\vc12\bin;C:\WINDOWS\system32;C:\WINDOWS;C:\WINDOWS\System32\Wbem;C:\WINDOWS\System32\WindowsPowerShell\v1.0\;C:\Program Files\Microsoft\Web Platform Installer\;C:\Program Files (x86)\OpenVPN\bin;C:\Program Files (x86)\MySQL\MySQL Fabric 1.5 & MySQL Utilities 1.5\;C:\Program Files (x86)\MySQL\MySQL Fabric 1.5 & MySQL Utilities 1.5\Doctrine extensions for PHP\;C:\Program Files (x86)\Windows Live\Shared;C:\Users\asnik\AppData\Local\.meteor;C:\Program Files\nodejs\;D:\Programs\Anaconda3;D:\Programs\Anaconda3\Scripts;D:\Programs\Anaconda3\Library\bin;C:\Users\asnik\AppData\Local\.meteor\;C:\Users\asnik\AppData\Roaming\npm;%USERPROFILE%\AppData\Local\Microsoft\WindowsApps;
10 verbose lifecycle socially@~test:watch: CWD: C:\Users\asnik\Documents\WebStorm\Meteor\socially
11 silly lifecycle socially@~test:watch: Args: [ '/d /s /c', 'meteor test --driver-package sanjo:jasmine' ]
12 silly lifecycle socially@~test:watch: Returned: code: 254  signal: null
13 info lifecycle socially@~test:watch: Failed to exec test:watch script
14 verbose stack Error: socially@ test:watch: `meteor test --driver-package sanjo:jasmine`
14 verbose stack Exit status 254
14 verbose stack     at EventEmitter.<anonymous> (C:\Users\asnik\AppData\Local\.meteor\packages\meteor-tool\1.4.1_1\mt-os.windows.x86_32\dev_bundle\lib\node_modules\npm\lib\utils\lifecycle.js:255:16)
14 verbose stack     at emitTwo (events.js:87:13)
14 verbose stack     at EventEmitter.emit (events.js:172:7)
14 verbose stack     at ChildProcess.<anonymous> (C:\Users\asnik\AppData\Local\.meteor\packages\meteor-tool\1.4.1_1\mt-os.windows.x86_32\dev_bundle\lib\node_modules\npm\lib\utils\spawn.js:40:14)
14 verbose stack     at emitTwo (events.js:87:13)
14 verbose stack     at ChildProcess.emit (events.js:172:7)
14 verbose stack     at maybeClose (internal/child_process.js:829:16)
14 verbose stack     at Process.ChildProcess._handle.onexit (internal/child_process.js:211:5)
15 verbose pkgid socially@
16 verbose cwd C:\Users\asnik\Documents\WebStorm\Meteor\socially
17 error Windows_NT 10.0.14393
18 error argv "C:\\Users\\asnik\\AppData\\Local\\.meteor\\packages\\meteor-tool\\1.4.1_1\\mt-os.windows.x86_32\\dev_bundle\\bin\\node.exe" "C:\\Users\\asnik\\AppData\\Local\\.meteor\\packages\\meteor-tool\\1.4.1_1\\mt-os.windows.x86_32\\dev_bundle\\lib\\node_modules\\npm\\bin\\npm-cli.js" "run" "test:watch"
19 error node v4.5.0
20 error npm  v3.10.6
21 error code ELIFECYCLE
22 error socially@ test:watch: `meteor test --driver-package sanjo:jasmine`
22 error Exit status 254
23 error Failed at the socially@ test:watch script 'meteor test --driver-package sanjo:jasmine'.
23 error Make sure you have the latest version of node.js and npm installed.
23 error If you do, this is most likely a problem with the socially package,
23 error not with npm itself.
23 error Tell the author that this fails on your system:
23 error     meteor test --driver-package sanjo:jasmine
23 error You can get information on how to open an issue for this project with:
23 error     npm bugs socially
23 error Or if that isn't available, you can get their info via:
23 error     npm owner ls socially
23 error There is likely additional logging output above.
24 verbose exit [ 1, true ]
